<?xml version="1.0" encoding="UTF-8"?>
<testsuite xmlns:xsi="http://www.w3.org/2001/XMLSchema-instance" xsi:noNamespaceSchemaLocation="https://maven.apache.org/surefire/maven-surefire-plugin/xsd/surefire-test-report-3.0.xsd" version="3.0" name="TestSuite" time="1.082" tests="4" errors="0" skipped="3" failures="1">
  <properties>
    <property name="java.specification.version" value="14"/>
    <property name="webdriver.chrome.driver" value="/Users/karthickchitty/eclipse-workspace/DataDrivenFramework/src/test/resources/executables/chromedriver"/>
    <property name="sun.jnu.encoding" value="UTF-8"/>
    <property name="java.class.path" value="/Users/karthickchitty/eclipse-workspace/DataDrivenFramework/target/test-classes:/Users/karthickchitty/eclipse-workspace/DataDrivenFramework/target/classes:/Users/karthickchitty/.m2/repository/org/seleniumhq/selenium/selenium-java/2.53.1/selenium-java-2.53.1.jar:/Users/karthickchitty/.m2/repository/org/seleniumhq/selenium/selenium-chrome-driver/2.53.1/selenium-chrome-driver-2.53.1.jar:/Users/karthickchitty/.m2/repository/org/seleniumhq/selenium/selenium-remote-driver/2.53.1/selenium-remote-driver-2.53.1.jar:/Users/karthickchitty/.m2/repository/cglib/cglib-nodep/2.1_3/cglib-nodep-2.1_3.jar:/Users/karthickchitty/.m2/repository/org/seleniumhq/selenium/selenium-api/2.53.1/selenium-api-2.53.1.jar:/Users/karthickchitty/.m2/repository/org/seleniumhq/selenium/selenium-edge-driver/2.53.1/selenium-edge-driver-2.53.1.jar:/Users/karthickchitty/.m2/repository/commons-io/commons-io/2.4/commons-io-2.4.jar:/Users/karthickchitty/.m2/repository/org/apache/commons/commons-exec/1.3/commons-exec-1.3.jar:/Users/karthickchitty/.m2/repository/org/seleniumhq/selenium/htmlunit-driver/2.21/htmlunit-driver-2.21.jar:/Users/karthickchitty/.m2/repository/net/sourceforge/htmlunit/htmlunit/2.21/htmlunit-2.21.jar:/Users/karthickchitty/.m2/repository/xalan/xalan/2.7.2/xalan-2.7.2.jar:/Users/karthickchitty/.m2/repository/xalan/serializer/2.7.2/serializer-2.7.2.jar:/Users/karthickchitty/.m2/repository/org/apache/commons/commons-lang3/3.4/commons-lang3-3.4.jar:/Users/karthickchitty/.m2/repository/net/sourceforge/htmlunit/htmlunit-core-js/2.17/htmlunit-core-js-2.17.jar:/Users/karthickchitty/.m2/repository/net/sourceforge/htmlunit/neko-htmlunit/2.21/neko-htmlunit-2.21.jar:/Users/karthickchitty/.m2/repository/xerces/xercesImpl/2.11.0/xercesImpl-2.11.0.jar:/Users/karthickchitty/.m2/repository/net/sourceforge/cssparser/cssparser/0.9.18/cssparser-0.9.18.jar:/Users/karthickchitty/.m2/repository/org/w3c/css/sac/1.3/sac-1.3.jar:/Users/karthickchitty/.m2/repository/org/eclipse/jetty/websocket/websocket-client/9.2.15.v20160210/websocket-client-9.2.15.v20160210.jar:/Users/karthickchitty/.m2/repository/org/eclipse/jetty/jetty-util/9.2.15.v20160210/jetty-util-9.2.15.v20160210.jar:/Users/karthickchitty/.m2/repository/org/eclipse/jetty/jetty-io/9.2.15.v20160210/jetty-io-9.2.15.v20160210.jar:/Users/karthickchitty/.m2/repository/org/eclipse/jetty/websocket/websocket-common/9.2.15.v20160210/websocket-common-9.2.15.v20160210.jar:/Users/karthickchitty/.m2/repository/org/eclipse/jetty/websocket/websocket-api/9.2.15.v20160210/websocket-api-9.2.15.v20160210.jar:/Users/karthickchitty/.m2/repository/commons-collections/commons-collections/3.2.2/commons-collections-3.2.2.jar:/Users/karthickchitty/.m2/repository/org/seleniumhq/selenium/selenium-firefox-driver/2.53.1/selenium-firefox-driver-2.53.1.jar:/Users/karthickchitty/.m2/repository/org/seleniumhq/selenium/selenium-ie-driver/2.53.1/selenium-ie-driver-2.53.1.jar:/Users/karthickchitty/.m2/repository/net/java/dev/jna/jna/4.1.0/jna-4.1.0.jar:/Users/karthickchitty/.m2/repository/net/java/dev/jna/jna-platform/4.1.0/jna-platform-4.1.0.jar:/Users/karthickchitty/.m2/repository/org/seleniumhq/selenium/selenium-safari-driver/2.53.1/selenium-safari-driver-2.53.1.jar:/Users/karthickchitty/.m2/repository/io/netty/netty/3.5.7.Final/netty-3.5.7.Final.jar:/Users/karthickchitty/.m2/repository/org/seleniumhq/selenium/selenium-support/2.53.1/selenium-support-2.53.1.jar:/Users/karthickchitty/.m2/repository/org/seleniumhq/selenium/selenium-leg-rc/2.53.1/selenium-leg-rc-2.53.1.jar:/Users/karthickchitty/.m2/repository/com/aventstack/extentreports/4.1.3/extentreports-4.1.3.jar:/Users/karthickchitty/.m2/repository/org/freemarker/freemarker/2.3.29/freemarker-2.3.29.jar:/Users/karthickchitty/.m2/repository/org/apache/httpcomponents/httpclient/4.5.2/httpclient-4.5.2.jar:/Users/karthickchitty/.m2/repository/org/apache/httpcomponents/httpcore/4.4.4/httpcore-4.4.4.jar:/Users/karthickchitty/.m2/repository/commons-logging/commons-logging/1.2/commons-logging-1.2.jar:/Users/karthickchitty/.m2/repository/org/apache/httpcomponents/httpmime/4.5.2/httpmime-4.5.2.jar:/Users/karthickchitty/.m2/repository/com/google/code/gson/gson/2.8.6/gson-2.8.6.jar:/Users/karthickchitty/.m2/repository/org/mongodb/mongodb-driver/3.12.0/mongodb-driver-3.12.0.jar:/Users/karthickchitty/.m2/repository/org/mongodb/mongodb-driver-core/3.12.0/mongodb-driver-core-3.12.0.jar:/Users/karthickchitty/.m2/repository/org/mongodb/bson/3.12.0/bson-3.12.0.jar:/Users/karthickchitty/.m2/repository/org/uncommons/reportng/1.1.4/reportng-1.1.4.jar:/Users/karthickchitty/.m2/repository/org/testng/testng/7.1.0/testng-7.1.0.jar:/Users/karthickchitty/.m2/repository/com/beust/jcommander/1.72/jcommander-1.72.jar:/Users/karthickchitty/.m2/repository/com/google/inject/guice/4.1.0/guice-4.1.0-no_aop.jar:/Users/karthickchitty/.m2/repository/org/yaml/snakeyaml/1.21/snakeyaml-1.21.jar:/Users/karthickchitty/.m2/repository/velocity/velocity/1.4/velocity-1.4.jar:/Users/karthickchitty/.m2/repository/velocity/velocity-dep/1.4/velocity-dep-1.4.jar:/Users/karthickchitty/.m2/repository/com/google/inject/guice/4.2.2/guice-4.2.2.jar:/Users/karthickchitty/.m2/repository/javax/inject/javax.inject/1/javax.inject-1.jar:/Users/karthickchitty/.m2/repository/aopalliance/aopalliance/1.0/aopalliance-1.0.jar:/Users/karthickchitty/.m2/repository/com/google/guava/guava/25.1-android/guava-25.1-android.jar:/Users/karthickchitty/.m2/repository/com/google/code/findbugs/jsr305/3.0.2/jsr305-3.0.2.jar:/Users/karthickchitty/.m2/repository/org/checkerframework/checker-compat-qual/2.0.0/checker-compat-qual-2.0.0.jar:/Users/karthickchitty/.m2/repository/com/google/errorprone/error_prone_annotations/2.1.3/error_prone_annotations-2.1.3.jar:/Users/karthickchitty/.m2/repository/com/google/j2objc/j2objc-annotations/1.1/j2objc-annotations-1.1.jar:/Users/karthickchitty/.m2/repository/org/codehaus/mojo/animal-sniffer-annotations/1.14/animal-sniffer-annotations-1.14.jar:/Users/karthickchitty/.m2/repository/log4j/log4j/1.2.17/log4j-1.2.17.jar:/Users/karthickchitty/.m2/repository/javax/mail/mail/1.4.7/mail-1.4.7.jar:/Users/karthickchitty/.m2/repository/javax/activation/activation/1.1/activation-1.1.jar:/Users/karthickchitty/.m2/repository/mysql/mysql-connector-java/8.0.20/mysql-connector-java-8.0.20.jar:/Users/karthickchitty/.m2/repository/com/google/protobuf/protobuf-java/3.6.1/protobuf-java-3.6.1.jar:/Users/karthickchitty/.m2/repository/org/apache/poi/poi-ooxml/4.1.1/poi-ooxml-4.1.1.jar:/Users/karthickchitty/.m2/repository/org/apache/commons/commons-compress/1.19/commons-compress-1.19.jar:/Users/karthickchitty/.m2/repository/com/github/virtuald/curvesapi/1.06/curvesapi-1.06.jar:/Users/karthickchitty/.m2/repository/org/apache/poi/poi/4.1.1/poi-4.1.1.jar:/Users/karthickchitty/.m2/repository/commons-codec/commons-codec/1.13/commons-codec-1.13.jar:/Users/karthickchitty/.m2/repository/org/apache/commons/commons-collections4/4.4/commons-collections4-4.4.jar:/Users/karthickchitty/.m2/repository/org/apache/commons/commons-math3/3.6.1/commons-math3-3.6.1.jar:/Users/karthickchitty/.m2/repository/org/apache/poi/poi-ooxml-schemas/4.1.1/poi-ooxml-schemas-4.1.1.jar:/Users/karthickchitty/.m2/repository/dom4j/dom4j/1.6.1/dom4j-1.6.1.jar:/Users/karthickchitty/.m2/repository/xml-apis/xml-apis/1.0.b2/xml-apis-1.0.b2.jar:/Users/karthickchitty/.m2/repository/org/apache/xmlbeans/xmlbeans/3.0.2/xmlbeans-3.0.2.jar:"/>
    <property name="java.vm.vendor" value="Oracle Corporation"/>
    <property name="sun.arch.data.model" value="64"/>
    <property name="java.vendor.url" value="https://java.oracle.com/"/>
    <property name="user.timezone" value="America/Chicago"/>
    <property name="os.name" value="Mac OS X"/>
    <property name="java.vm.specification.version" value="14"/>
    <property name="sun.java.launcher" value="SUN_STANDARD"/>
    <property name="user.country" value="US"/>
    <property name="sun.boot.library.path" value="/Library/Java/JavaVirtualMachines/jdk-14.0.1.jdk/Contents/Home/lib"/>
    <property name="sun.java.command" value="/Users/karthickchitty/eclipse-workspace/DataDrivenFramework/target/surefire/surefirebooter12679020486203409137.jar /Users/karthickchitty/eclipse-workspace/DataDrivenFramework/target/surefire 2020-06-01T15-07-02_314-jvmRun1 surefire578880219257886180tmp surefire_0769042023380733982tmp"/>
    <property name="http.nonProxyHosts" value="local|*.local|169.254/16|*.169.254/16"/>
    <property name="jdk.debug" value="release"/>
    <property name="surefire.test.class.path" value="/Users/karthickchitty/eclipse-workspace/DataDrivenFramework/target/test-classes:/Users/karthickchitty/eclipse-workspace/DataDrivenFramework/target/classes:/Users/karthickchitty/.m2/repository/org/seleniumhq/selenium/selenium-java/2.53.1/selenium-java-2.53.1.jar:/Users/karthickchitty/.m2/repository/org/seleniumhq/selenium/selenium-chrome-driver/2.53.1/selenium-chrome-driver-2.53.1.jar:/Users/karthickchitty/.m2/repository/org/seleniumhq/selenium/selenium-remote-driver/2.53.1/selenium-remote-driver-2.53.1.jar:/Users/karthickchitty/.m2/repository/cglib/cglib-nodep/2.1_3/cglib-nodep-2.1_3.jar:/Users/karthickchitty/.m2/repository/org/seleniumhq/selenium/selenium-api/2.53.1/selenium-api-2.53.1.jar:/Users/karthickchitty/.m2/repository/org/seleniumhq/selenium/selenium-edge-driver/2.53.1/selenium-edge-driver-2.53.1.jar:/Users/karthickchitty/.m2/repository/commons-io/commons-io/2.4/commons-io-2.4.jar:/Users/karthickchitty/.m2/repository/org/apache/commons/commons-exec/1.3/commons-exec-1.3.jar:/Users/karthickchitty/.m2/repository/org/seleniumhq/selenium/htmlunit-driver/2.21/htmlunit-driver-2.21.jar:/Users/karthickchitty/.m2/repository/net/sourceforge/htmlunit/htmlunit/2.21/htmlunit-2.21.jar:/Users/karthickchitty/.m2/repository/xalan/xalan/2.7.2/xalan-2.7.2.jar:/Users/karthickchitty/.m2/repository/xalan/serializer/2.7.2/serializer-2.7.2.jar:/Users/karthickchitty/.m2/repository/org/apache/commons/commons-lang3/3.4/commons-lang3-3.4.jar:/Users/karthickchitty/.m2/repository/net/sourceforge/htmlunit/htmlunit-core-js/2.17/htmlunit-core-js-2.17.jar:/Users/karthickchitty/.m2/repository/net/sourceforge/htmlunit/neko-htmlunit/2.21/neko-htmlunit-2.21.jar:/Users/karthickchitty/.m2/repository/xerces/xercesImpl/2.11.0/xercesImpl-2.11.0.jar:/Users/karthickchitty/.m2/repository/net/sourceforge/cssparser/cssparser/0.9.18/cssparser-0.9.18.jar:/Users/karthickchitty/.m2/repository/org/w3c/css/sac/1.3/sac-1.3.jar:/Users/karthickchitty/.m2/repository/org/eclipse/jetty/websocket/websocket-client/9.2.15.v20160210/websocket-client-9.2.15.v20160210.jar:/Users/karthickchitty/.m2/repository/org/eclipse/jetty/jetty-util/9.2.15.v20160210/jetty-util-9.2.15.v20160210.jar:/Users/karthickchitty/.m2/repository/org/eclipse/jetty/jetty-io/9.2.15.v20160210/jetty-io-9.2.15.v20160210.jar:/Users/karthickchitty/.m2/repository/org/eclipse/jetty/websocket/websocket-common/9.2.15.v20160210/websocket-common-9.2.15.v20160210.jar:/Users/karthickchitty/.m2/repository/org/eclipse/jetty/websocket/websocket-api/9.2.15.v20160210/websocket-api-9.2.15.v20160210.jar:/Users/karthickchitty/.m2/repository/commons-collections/commons-collections/3.2.2/commons-collections-3.2.2.jar:/Users/karthickchitty/.m2/repository/org/seleniumhq/selenium/selenium-firefox-driver/2.53.1/selenium-firefox-driver-2.53.1.jar:/Users/karthickchitty/.m2/repository/org/seleniumhq/selenium/selenium-ie-driver/2.53.1/selenium-ie-driver-2.53.1.jar:/Users/karthickchitty/.m2/repository/net/java/dev/jna/jna/4.1.0/jna-4.1.0.jar:/Users/karthickchitty/.m2/repository/net/java/dev/jna/jna-platform/4.1.0/jna-platform-4.1.0.jar:/Users/karthickchitty/.m2/repository/org/seleniumhq/selenium/selenium-safari-driver/2.53.1/selenium-safari-driver-2.53.1.jar:/Users/karthickchitty/.m2/repository/io/netty/netty/3.5.7.Final/netty-3.5.7.Final.jar:/Users/karthickchitty/.m2/repository/org/seleniumhq/selenium/selenium-support/2.53.1/selenium-support-2.53.1.jar:/Users/karthickchitty/.m2/repository/org/seleniumhq/selenium/selenium-leg-rc/2.53.1/selenium-leg-rc-2.53.1.jar:/Users/karthickchitty/.m2/repository/com/aventstack/extentreports/4.1.3/extentreports-4.1.3.jar:/Users/karthickchitty/.m2/repository/org/freemarker/freemarker/2.3.29/freemarker-2.3.29.jar:/Users/karthickchitty/.m2/repository/org/apache/httpcomponents/httpclient/4.5.2/httpclient-4.5.2.jar:/Users/karthickchitty/.m2/repository/org/apache/httpcomponents/httpcore/4.4.4/httpcore-4.4.4.jar:/Users/karthickchitty/.m2/repository/commons-logging/commons-logging/1.2/commons-logging-1.2.jar:/Users/karthickchitty/.m2/repository/org/apache/httpcomponents/httpmime/4.5.2/httpmime-4.5.2.jar:/Users/karthickchitty/.m2/repository/com/google/code/gson/gson/2.8.6/gson-2.8.6.jar:/Users/karthickchitty/.m2/repository/org/mongodb/mongodb-driver/3.12.0/mongodb-driver-3.12.0.jar:/Users/karthickchitty/.m2/repository/org/mongodb/mongodb-driver-core/3.12.0/mongodb-driver-core-3.12.0.jar:/Users/karthickchitty/.m2/repository/org/mongodb/bson/3.12.0/bson-3.12.0.jar:/Users/karthickchitty/.m2/repository/org/uncommons/reportng/1.1.4/reportng-1.1.4.jar:/Users/karthickchitty/.m2/repository/org/testng/testng/7.1.0/testng-7.1.0.jar:/Users/karthickchitty/.m2/repository/com/beust/jcommander/1.72/jcommander-1.72.jar:/Users/karthickchitty/.m2/repository/com/google/inject/guice/4.1.0/guice-4.1.0-no_aop.jar:/Users/karthickchitty/.m2/repository/org/yaml/snakeyaml/1.21/snakeyaml-1.21.jar:/Users/karthickchitty/.m2/repository/velocity/velocity/1.4/velocity-1.4.jar:/Users/karthickchitty/.m2/repository/velocity/velocity-dep/1.4/velocity-dep-1.4.jar:/Users/karthickchitty/.m2/repository/com/google/inject/guice/4.2.2/guice-4.2.2.jar:/Users/karthickchitty/.m2/repository/javax/inject/javax.inject/1/javax.inject-1.jar:/Users/karthickchitty/.m2/repository/aopalliance/aopalliance/1.0/aopalliance-1.0.jar:/Users/karthickchitty/.m2/repository/com/google/guava/guava/25.1-android/guava-25.1-android.jar:/Users/karthickchitty/.m2/repository/com/google/code/findbugs/jsr305/3.0.2/jsr305-3.0.2.jar:/Users/karthickchitty/.m2/repository/org/checkerframework/checker-compat-qual/2.0.0/checker-compat-qual-2.0.0.jar:/Users/karthickchitty/.m2/repository/com/google/errorprone/error_prone_annotations/2.1.3/error_prone_annotations-2.1.3.jar:/Users/karthickchitty/.m2/repository/com/google/j2objc/j2objc-annotations/1.1/j2objc-annotations-1.1.jar:/Users/karthickchitty/.m2/repository/org/codehaus/mojo/animal-sniffer-annotations/1.14/animal-sniffer-annotations-1.14.jar:/Users/karthickchitty/.m2/repository/log4j/log4j/1.2.17/log4j-1.2.17.jar:/Users/karthickchitty/.m2/repository/javax/mail/mail/1.4.7/mail-1.4.7.jar:/Users/karthickchitty/.m2/repository/javax/activation/activation/1.1/activation-1.1.jar:/Users/karthickchitty/.m2/repository/mysql/mysql-connector-java/8.0.20/mysql-connector-java-8.0.20.jar:/Users/karthickchitty/.m2/repository/com/google/protobuf/protobuf-java/3.6.1/protobuf-java-3.6.1.jar:/Users/karthickchitty/.m2/repository/org/apache/poi/poi-ooxml/4.1.1/poi-ooxml-4.1.1.jar:/Users/karthickchitty/.m2/repository/org/apache/commons/commons-compress/1.19/commons-compress-1.19.jar:/Users/karthickchitty/.m2/repository/com/github/virtuald/curvesapi/1.06/curvesapi-1.06.jar:/Users/karthickchitty/.m2/repository/org/apache/poi/poi/4.1.1/poi-4.1.1.jar:/Users/karthickchitty/.m2/repository/commons-codec/commons-codec/1.13/commons-codec-1.13.jar:/Users/karthickchitty/.m2/repository/org/apache/commons/commons-collections4/4.4/commons-collections4-4.4.jar:/Users/karthickchitty/.m2/repository/org/apache/commons/commons-math3/3.6.1/commons-math3-3.6.1.jar:/Users/karthickchitty/.m2/repository/org/apache/poi/poi-ooxml-schemas/4.1.1/poi-ooxml-schemas-4.1.1.jar:/Users/karthickchitty/.m2/repository/dom4j/dom4j/1.6.1/dom4j-1.6.1.jar:/Users/karthickchitty/.m2/repository/xml-apis/xml-apis/1.0.b2/xml-apis-1.0.b2.jar:/Users/karthickchitty/.m2/repository/org/apache/xmlbeans/xmlbeans/3.0.2/xmlbeans-3.0.2.jar:"/>
    <property name="sun.cpu.endian" value="little"/>
    <property name="user.home" value="/Users/karthickchitty"/>
    <property name="user.language" value="en"/>
    <property name="java.specification.vendor" value="Oracle Corporation"/>
    <property name="java.version.date" value="2020-04-14"/>
    <property name="java.home" value="/Library/Java/JavaVirtualMachines/jdk-14.0.1.jdk/Contents/Home"/>
    <property name="file.separator" value="/"/>
    <property name="basedir" value="/Users/karthickchitty/eclipse-workspace/DataDrivenFramework"/>
    <property name="java.vm.compressedOopsMode" value="Zero based"/>
    <property name="line.separator" value="&#10;"/>
    <property name="java.specification.name" value="Java Platform API Specification"/>
    <property name="java.vm.specification.vendor" value="Oracle Corporation"/>
    <property name="surefire.real.class.path" value="/Users/karthickchitty/eclipse-workspace/DataDrivenFramework/target/surefire/surefirebooter12679020486203409137.jar"/>
    <property name="sun.management.compiler" value="HotSpot 64-Bit Tiered Compilers"/>
    <property name="ftp.nonProxyHosts" value="local|*.local|169.254/16|*.169.254/16"/>
    <property name="java.runtime.version" value="14.0.1+7"/>
    <property name="user.name" value="karthickchitty"/>
    <property name="path.separator" value=":"/>
    <property name="os.version" value="10.15.2"/>
    <property name="java.runtime.name" value="Java(TM) SE Runtime Environment"/>
    <property name="file.encoding" value="UTF-8"/>
    <property name="java.vm.name" value="Java HotSpot(TM) 64-Bit Server VM"/>
    <property name="localRepository" value="/Users/karthickchitty/.m2/repository"/>
    <property name="java.vendor.url.bug" value="https://bugreport.java.com/bugreport/"/>
    <property name="java.io.tmpdir" value="/var/folders/_5/p45b67rd28x1l51jw7fhdjnr0000gn/T/"/>
    <property name="java.version" value="14.0.1"/>
    <property name="user.dir" value="/Users/karthickchitty/eclipse-workspace/DataDrivenFramework"/>
    <property name="os.arch" value="x86_64"/>
    <property name="java.vm.specification.name" value="Java Virtual Machine Specification"/>
    <property name="java.library.path" value="/Users/karthickchitty/Library/Java/Extensions:/Library/Java/Extensions:/Network/Library/Java/Extensions:/System/Library/Java/Extensions:/usr/lib/java:."/>
    <property name="java.vm.info" value="mixed mode, sharing"/>
    <property name="java.vendor" value="Oracle Corporation"/>
    <property name="java.vm.version" value="14.0.1+7"/>
    <property name="sun.io.unicode.encoding" value="UnicodeBig"/>
    <property name="socksNonProxyHosts" value="local|*.local|169.254/16|*.169.254/16"/>
    <property name="java.class.version" value="58.0"/>
  </properties>
  <testcase name="startUp" classname="com.auto.testcases.AddCustomerTest" time="0.899">
    <failure message="class org.openqa.selenium.net.UrlChecker tried to access private method &apos;void com.google.common.util.concurrent.SimpleTimeLimiter.&lt;init&gt;(java.util.concurrent.ExecutorService)&apos; (org.openqa.selenium.net.UrlChecker and com.google.common.util.concurrent.SimpleTimeLimiter are in unnamed module of loader &apos;app&apos;)" type="java.lang.IllegalAccessError"><![CDATA[java.lang.IllegalAccessError: class org.openqa.selenium.net.UrlChecker tried to access private method 'void com.google.common.util.concurrent.SimpleTimeLimiter.<init>(java.util.concurrent.ExecutorService)' (org.openqa.selenium.net.UrlChecker and com.google.common.util.concurrent.SimpleTimeLimiter are in unnamed module of loader 'app')
]]></failure>
    <system-err><![CDATA[log4j:WARN File option not set for appender [dest1].
log4j:WARN Are you using FileAppender instead of ConsoleAppender?
]]></system-err>
  </testcase>
  <testcase name="addCustomer" classname="com.auto.testcases.AddCustomerTest" time="0">
    <skipped message="class org.openqa.selenium.net.UrlChecker tried to access private method &apos;void com.google.common.util.concurrent.SimpleTimeLimiter.&lt;init&gt;(java.util.concurrent.ExecutorService)&apos; (org.openqa.selenium.net.UrlChecker and com.google.common.util.concurrent.SimpleTimeLimiter are in unnamed module of loader &apos;app&apos;)"/>
    <system-err><![CDATA[started successfully.
]]></system-err>
  </testcase>
  <testcase name="tearDown" classname="com.auto.testcases.AddCustomerTest" time="0">
    <skipped/>
  </testcase>
  <testcase name="loginBankManage" classname="com.auto.testcases.BankManagerLoginTest" time="0">
    <skipped message="class org.openqa.selenium.net.UrlChecker tried to access private method &apos;void com.google.common.util.concurrent.SimpleTimeLimiter.&lt;init&gt;(java.util.concurrent.ExecutorService)&apos; (org.openqa.selenium.net.UrlChecker and com.google.common.util.concurrent.SimpleTimeLimiter are in unnamed module of loader &apos;app&apos;)"/>
    <system-err><![CDATA[Starting ChromeDriver 83.0.4103.39 (ccbf011cb2d2b19b506d844400483861342c20cd-refs/branch-heads/4103@{#416}) on port 2976
Only local connections are allowed.
Please see https://chromedriver.chromium.org/security-considerations for suggestions on keeping ChromeDriver safe.
ChromeDriver was ]]></system-err>
  </testcase>
</testsuite>