<?xml version="1.0" encoding="UTF-8"?>
<!-- Generated by org.testng.reporters.JUnitReportReporter -->
<testsuite hostname="Karthicks-MBP.home" failures="0" tests="1" name="com.auto.testcases.BankManagerLoginTest" time="0.849" errors="0" timestamp="2020-06-27T16:54:40 CDT" skipped="0">
  <testcase classname="com.auto.testcases.BankManagerLoginTest" name="loginBankManage" time="0.849"/>
  <system-out/>
</testsuite> <!-- com.auto.testcases.BankManagerLoginTest -->
