<?xml version="1.0" encoding="UTF-8"?>
<!-- Generated by org.testng.reporters.JUnitReportReporter -->
<testsuite hostname="Karthicks-MBP.home" failures="0" tests="1" name="com.auto.testcases.BankManagerLoginTest" time="0.000" errors="0" timestamp="2020-06-01T15:07:03 CDT" skipped="1">
  <testcase classname="com.auto.testcases.BankManagerLoginTest" name="loginBankManage" time="0.000">
    <skipped/>
  </testcase> <!-- loginBankManage -->
  <system-out/>
</testsuite> <!-- com.auto.testcases.BankManagerLoginTest -->
