<?xml version="1.0" encoding="UTF-8"?>
<!-- Generated by org.testng.reporters.JUnitReportReporter -->
<testsuite hostname="Karthicks-MBP.home" failures="0" tests="2" name="com.auto.testcases.AddCustomerTest" time="0.303" errors="1" timestamp="2020-06-01T15:07:03 CDT" skipped="1">
  <testcase classname="com.auto.testcases.AddCustomerTest" name="addCustomer" time="0.000">
    <skipped/>
  </testcase> <!-- addCustomer -->
  <system-out/>
  <testcase classname="com.auto.testcases.AddCustomerTest" name="startUp" time="0.303">
    <error message="class org.openqa.selenium.net.UrlChecker tried to access private method &#039;void com.google.common.util.concurrent.SimpleTimeLimiter.&lt;init&gt;(java.util.concurrent.ExecutorService)&#039; (org.openqa.selenium.net.UrlChecker and com.google.common.util.concurrent.SimpleTimeLimiter are in unnamed module of loader &#039;app&#039;)" type="java.lang.IllegalAccessError">
      <![CDATA[java.lang.IllegalAccessError: class org.openqa.selenium.net.UrlChecker tried to access private method 'void com.google.common.util.concurrent.SimpleTimeLimiter.<init>(java.util.concurrent.ExecutorService)' (org.openqa.selenium.net.UrlChecker and com.google.common.util.concurrent.SimpleTimeLimiter are in unnamed module of loader 'app')
at org.openqa.selenium.net.UrlChecker.<init>(UrlChecker.java:67)
at org.openqa.selenium.remote.service.DriverService.waitUntilAvailable(DriverService.java:175)
at org.openqa.selenium.remote.service.DriverService.start(DriverService.java:166)
at org.openqa.selenium.remote.service.DriverCommandExecutor.execute(DriverCommandExecutor.java:78)
at org.openqa.selenium.remote.RemoteWebDriver.execute(RemoteWebDriver.java:644)
at org.openqa.selenium.remote.RemoteWebDriver.startSession(RemoteWebDriver.java:249)
at org.openqa.selenium.remote.RemoteWebDriver.<init>(RemoteWebDriver.java:131)
at org.openqa.selenium.remote.RemoteWebDriver.<init>(RemoteWebDriver.java:144)
at org.openqa.selenium.chrome.ChromeDriver.<init>(ChromeDriver.java:170)
at org.openqa.selenium.chrome.ChromeDriver.<init>(ChromeDriver.java:159)
at org.openqa.selenium.chrome.ChromeDriver.<init>(ChromeDriver.java:116)
at com.auto.main.TestAutoApp.startUp(TestAutoApp.java:67)
at java.base/jdk.internal.reflect.NativeMethodAccessorImpl.invoke0(Native Method)
at java.base/jdk.internal.reflect.NativeMethodAccessorImpl.invoke(NativeMethodAccessorImpl.java:62)
at java.base/jdk.internal.reflect.DelegatingMethodAccessorImpl.invoke(DelegatingMethodAccessorImpl.java:43)
at java.base/java.lang.reflect.Method.invoke(Method.java:564)
at org.testng.internal.MethodInvocationHelper.invokeMethod(MethodInvocationHelper.java:134)
at org.testng.internal.MethodInvocationHelper.invokeMethodConsideringTimeout(MethodInvocationHelper.java:63)
at org.testng.internal.ConfigInvoker.invokeConfigurationMethod(ConfigInvoker.java:348)
at org.testng.internal.ConfigInvoker.invokeConfigurations(ConfigInvoker.java:302)
at org.testng.SuiteRunner.privateRun(SuiteRunner.java:327)
at org.testng.SuiteRunner.run(SuiteRunner.java:286)
at org.testng.SuiteRunnerWorker.runSuite(SuiteRunnerWorker.java:53)
at org.testng.SuiteRunnerWorker.run(SuiteRunnerWorker.java:96)
at org.testng.TestNG.runSuitesSequentially(TestNG.java:1187)
at org.testng.TestNG.runSuitesLocally(TestNG.java:1109)
at org.testng.TestNG.runSuites(TestNG.java:1039)
at org.testng.TestNG.run(TestNG.java:1007)
at org.apache.maven.surefire.testng.TestNGExecutor.run(TestNGExecutor.java:283)
at org.apache.maven.surefire.testng.TestNGXmlTestSuite.execute(TestNGXmlTestSuite.java:75)
at org.apache.maven.surefire.testng.TestNGProvider.invoke(TestNGProvider.java:120)
at org.apache.maven.surefire.booter.ForkedBooter.runSuitesInProcess(ForkedBooter.java:377)
at org.apache.maven.surefire.booter.ForkedBooter.execute(ForkedBooter.java:138)
at org.apache.maven.surefire.booter.ForkedBooter.run(ForkedBooter.java:465)
at org.apache.maven.surefire.booter.ForkedBooter.main(ForkedBooter.java:451)
]]>
    </error>
  </testcase> <!-- startUp -->
  <system-out/>
</testsuite> <!-- com.auto.testcases.AddCustomerTest -->
